#
# There is insufficient memory for the Java Runtime Environment to continue.
# Native memory allocation (malloc) failed to allocate 394896 bytes. Error detail: Chunk::new
# Possible reasons:
#   The system is out of physical RAM or swap space
#   This process is running with CompressedOops enabled, and the Java Heap may be blocking the growth of the native heap
# Possible solutions:
#   Reduce memory load on the system
#   Increase physical memory or swap space
#   Check if swap backing store is full
#   Decrease Java heap size (-Xmx/-Xms)
#   Decrease number of Java threads
#   Decrease Java thread stack sizes (-Xss)
#   Set larger code cache with -XX:ReservedCodeCacheSize=
#
#  
#
--add-modules=ALL-SYSTEM --add-opens=java.base/java.util=ALL-UNNAMED --add-opens=java.base/java.lang=ALL-UNNAMED --add-opens=java.base/sun.nio.fs=ALL-UNNAMED -Declipse.application=org.eclipse.jdt.ls.core.id1 -Dosgi.bundles.defaultStartLevel=4 -Declipse.product=org.eclipse.jdt.ls.core.product -Djava.import.generatesMetadataFilesAtProjectRoot=false -DDetectVMInstallationsJob.disabled=true -Dfile.encoding=utf8 -XX:+UseParallelGC -XX:GCTimeRatio=4 -XX:AdaptiveSizePolicyWeight=90 -Dsun.zip.disableMemoryMapping=true -Xmx2G -Xms100m -Xlog:disable -javaagent:c:\Users\ranja\.vscode\extensions\redhat.java-1.44.0-win32-x64\lombok\lombok-1.18.39-4050.jar -XX:+HeapDumpOnOutOfMemoryError -XX:HeapDumpPath=c:\Users\ranja\AppData\Roaming\Code\User\workspaceStorage\b80f5c4440e68ee71ef5f1dc30e36646\redhat.java -Daether.dependencyCollector.impl=bf c:\Users\ranja\.vscode\extensions\redhat.java-1.44.0-win32-x64\server\plugins\org.eclipse.equinox.launcher_1.7.0.v20250519-0528.jar -configuration c:\Users\ranja\AppData\Roaming\Code\User\globalStorage\redhat.java\1.44.0\config_win -data c:\Users\ranja\AppData\Roaming\Code\User\workspaceStorage\b80f5c4440e68ee71ef5f1dc30e36646\redhat.java\jdt_ws --pipe=\\.\pipe\lsp-65046f9216c2c01c98edf2285db34a43-sock

Host: 11th Gen Intel(R) Core(TM) i5-11400H @ 2.70GHz, 12 cores, 7G,  Windows 11 , 64 bit Build 26100 (10.0.26100.4768)
Time: Thu Aug  7 11:32:04 2025 India Standard Time elapsed time: 84.649443 seconds (0d 0h 1m 24s)

---------------  T H R E A D  ---------------

Current thread (0x000001276540ef20):  JavaThread "C2 CompilerThread0" daemon [_thread_in_native, id=2040, stack(0x0000000986a00000,0x0000000986b00000) (1024K)]


Current CompileTask:
C2:84649 12612  s!   4       org.eclipse.jdt.internal.core.index.DiskIndex::readCategoryTable (743 bytes)

Stack: [0x0000000986a00000,0x0000000986b00000]
Native frames: (J=compiled Java code, j=interpreted, Vv=VM code, C=native code)
V  [jvm.dll+0x6d2449]
V  [jvm.dll+0x8ae341]
V  [jvm.dll+0x8b08be]
V  [jvm.dll+0x8b0fa3]
V  [jvm.dll+0x280c96]
V  [jvm.dll+0xc581d]
V  [jvm.dll+0xc5d53]
V  [jvm.dll+0x13fc9f]
V  [jvm.dll+0x661835]
V  [jvm.dll+0x65fd8e]
V  [jvm.dll+0x248d55]
V  [jvm.dll+0x2484af]
V  [jvm.dll+0x1c89ee]
V  [jvm.dll+0x257d4d]
V  [jvm.dll+0x2562ea]
V  [jvm.dll+0x3f2d16]
V  [jvm.dll+0x857e6b]
V  [jvm.dll+0x6d0b0d]
C  [ucrtbase.dll+0x37b0]
C  [KERNEL32.DLL+0x2e8d7]
C  [ntdll.dll+0x3c34c]


---------------  P R O C E S S  ---------------

Threads class SMR info:
_java_thread_list=0x000001276a89a680, length=65, elements={
0x000001274cb4eeb0, 0x00000127653f44b0, 0x00000127653f5670, 0x00000127653f64c0,
0x00000127653f93a0, 0x0000012765402b20, 0x00000127654073e0, 0x000001276540ef20,
0x000001276540f9b0, 0x0000012765512090, 0x0000012765748fb0, 0x0000012765c939c0,
0x0000012765f7e020, 0x0000012765f2ad00, 0x0000012765f2b730, 0x000001276a542160,
0x0000012765cee4e0, 0x0000012765e73e00, 0x0000012765e751b0, 0x0000012765e72a50,
0x0000012765e74b20, 0x0000012765e730e0, 0x000001276b837ff0, 0x000001276b83a0c0,
0x000001276b838680, 0x000001276b839a30, 0x000001276b836c40, 0x000001276b838d10,
0x000001276b8393a0, 0x000001276b83a750, 0x000001276b8372d0, 0x000001276b83ade0,
0x000001276b837960, 0x000001276b83ceb0, 0x000001276b83dbd0, 0x000001276b83e260,
0x000001276b83d540, 0x000001276b83b470, 0x000001276b83bb00, 0x000001276b83c190,
0x000001276b83c820, 0x000001276cb853d0, 0x000001276cb84d40, 0x000001276cb85a60,
0x000001276cb89c00, 0x000001276c15f0c0, 0x000001276c15e3a0, 0x000001276c15c2d0,
0x000001276c15ea30, 0x000001276c15d680, 0x000001276c15cff0, 0x000001276c15bc40,
0x000001276c15dd10, 0x000001276c15c960, 0x000001276c161eb0, 0x000001276c160b00,
0x000001276c161190, 0x000001276c15f750, 0x000001276c163260, 0x000001276c162540,
0x000001276c162bd0, 0x000001276c15fde0, 0x000001276c160470, 0x000001276c161820,
0x0000012741be5e60
}

Java Threads: ( => current thread )
  0x000001274cb4eeb0 JavaThread "main"                              [_thread_blocked, id=12292, stack(0x0000000986000000,0x0000000986100000) (1024K)]
  0x00000127653f44b0 JavaThread "Reference Handler"          daemon [_thread_blocked, id=2300, stack(0x0000000986400000,0x0000000986500000) (1024K)]
  0x00000127653f5670 JavaThread "Finalizer"                  daemon [_thread_blocked, id=23124, stack(0x0000000986500000,0x0000000986600000) (1024K)]
  0x00000127653f64c0 JavaThread "Signal Dispatcher"          daemon [_thread_blocked, id=15896, stack(0x0000000986600000,0x0000000986700000) (1024K)]
  0x00000127653f93a0 JavaThread "Attach Listener"            daemon [_thread_blocked, id=2392, stack(0x0000000986700000,0x0000000986800000) (1024K)]
  0x0000012765402b20 JavaThread "Service Thread"             daemon [_thread_blocked, id=16728, stack(0x0000000986800000,0x0000000986900000) (1024K)]
  0x00000127654073e0 JavaThread "Monitor Deflation Thread"   daemon [_thread_blocked, id=16104, stack(0x0000000986900000,0x0000000986a00000) (1024K)]
=>0x000001276540ef20 JavaThread "C2 CompilerThread0"         daemon [_thread_in_native, id=2040, stack(0x0000000986a00000,0x0000000986b00000) (1024K)]
  0x000001276540f9b0 JavaThread "C1 CompilerThread0"         daemon [_thread_blocked, id=9208, stack(0x0000000986b00000,0x0000000986c00000) (1024K)]
  0x0000012765512090 JavaThread "Common-Cleaner"             daemon [_thread_blocked, id=2588, stack(0x0000000986c00000,0x0000000986d00000) (1024K)]
  0x0000012765748fb0 JavaThread "Notification Thread"        daemon [_thread_blocked, id=17504, stack(0x0000000986e00000,0x0000000986f00000) (1024K)]
  0x0000012765c939c0 JavaThread "Active Thread: Equinox Container: e56b407e-e8ee-461b-b2d1-261e007acc29"        [_thread_blocked, id=7148, stack(0x0000000987600000,0x0000000987700000) (1024K)]
  0x0000012765f7e020 JavaThread "Refresh Thread: Equinox Container: e56b407e-e8ee-461b-b2d1-261e007acc29" daemon [_thread_blocked, id=3232, stack(0x0000000986f00000,0x0000000987000000) (1024K)]
  0x0000012765f2ad00 JavaThread "Framework Event Dispatcher: Equinox Container: e56b407e-e8ee-461b-b2d1-261e007acc29" daemon [_thread_blocked, id=22764, stack(0x0000000987700000,0x0000000987800000) (1024K)]
  0x0000012765f2b730 JavaThread "Start Level: Equinox Container: e56b407e-e8ee-461b-b2d1-261e007acc29" daemon [_thread_blocked, id=11616, stack(0x0000000987800000,0x0000000987900000) (1024K)]
  0x000001276a542160 JavaThread "Bundle File Closer"         daemon [_thread_blocked, id=5136, stack(0x0000000987c00000,0x0000000987d00000) (1024K)]
  0x0000012765cee4e0 JavaThread "SCR Component Actor"        daemon [_thread_blocked, id=14276, stack(0x0000000987900000,0x0000000987a00000) (1024K)]
  0x0000012765e73e00 JavaThread "Worker-JM"                         [_thread_blocked, id=18356, stack(0x0000000987f00000,0x0000000988000000) (1024K)]
  0x0000012765e751b0 JavaThread "JNA Cleaner"                daemon [_thread_blocked, id=11172, stack(0x0000000987e00000,0x0000000987f00000) (1024K)]
  0x0000012765e72a50 JavaThread "Worker-0"                          [_thread_blocked, id=6316, stack(0x0000000988000000,0x0000000988100000) (1024K)]
  0x0000012765e74b20 JavaThread "Worker-1"                          [_thread_blocked, id=22512, stack(0x0000000988100000,0x0000000988200000) (1024K)]
  0x0000012765e730e0 JavaThread "Worker-2"                          [_thread_blocked, id=11876, stack(0x0000000988200000,0x0000000988300000) (1024K)]
  0x000001276b837ff0 JavaThread "Java indexing"              daemon [_thread_blocked, id=23464, stack(0x0000000988500000,0x0000000988600000) (1024K)]
  0x000001276b83a0c0 JavaThread "Worker-3"                          [_thread_blocked, id=13540, stack(0x0000000988800000,0x0000000988900000) (1024K)]
  0x000001276b838680 JavaThread "Worker-4"                          [_thread_blocked, id=18860, stack(0x0000000988900000,0x0000000988a00000) (1024K)]
  0x000001276b839a30 JavaThread "Worker-5"                          [_thread_blocked, id=5812, stack(0x0000000988a00000,0x0000000988b00000) (1024K)]
  0x000001276b836c40 JavaThread "Thread-2"                   daemon [_thread_in_native, id=6088, stack(0x0000000988b00000,0x0000000988c00000) (1024K)]
  0x000001276b838d10 JavaThread "Thread-3"                   daemon [_thread_in_native, id=20504, stack(0x0000000988c00000,0x0000000988d00000) (1024K)]
  0x000001276b8393a0 JavaThread "Thread-4"                   daemon [_thread_in_native, id=3856, stack(0x0000000988d00000,0x0000000988e00000) (1024K)]
  0x000001276b83a750 JavaThread "Thread-5"                   daemon [_thread_in_native, id=10688, stack(0x0000000988e00000,0x0000000988f00000) (1024K)]
  0x000001276b8372d0 JavaThread "Thread-6"                   daemon [_thread_in_native, id=12872, stack(0x0000000988f00000,0x0000000989000000) (1024K)]
  0x000001276b83ade0 JavaThread "Thread-7"                   daemon [_thread_in_native, id=5180, stack(0x0000000989000000,0x0000000989100000) (1024K)]
  0x000001276b837960 JavaThread "Thread-8"                   daemon [_thread_in_native, id=4308, stack(0x0000000989100000,0x0000000989200000) (1024K)]
  0x000001276b83ceb0 JavaThread "Thread-9"                   daemon [_thread_in_native, id=16344, stack(0x0000000989200000,0x0000000989300000) (1024K)]
  0x000001276b83dbd0 JavaThread "Thread-10"                  daemon [_thread_in_native, id=20484, stack(0x0000000989300000,0x0000000989400000) (1024K)]
  0x000001276b83e260 JavaThread "Thread-11"                  daemon [_thread_in_native, id=11136, stack(0x0000000989400000,0x0000000989500000) (1024K)]
  0x000001276b83d540 JavaThread "Thread-12"                  daemon [_thread_in_native, id=15904, stack(0x0000000989500000,0x0000000989600000) (1024K)]
  0x000001276b83b470 JavaThread "Thread-13"                  daemon [_thread_in_native, id=17812, stack(0x0000000989600000,0x0000000989700000) (1024K)]
  0x000001276b83bb00 JavaThread "Thread-14"                  daemon [_thread_in_native, id=7340, stack(0x0000000989700000,0x0000000989800000) (1024K)]
  0x000001276b83c190 JavaThread "Worker-6: Java indexing... "        [_thread_blocked, id=6512, stack(0x0000000989800000,0x0000000989900000) (1024K)]
  0x000001276b83c820 JavaThread "pool-2-thread-1"                   [_thread_blocked, id=9036, stack(0x0000000989900000,0x0000000989a00000) (1024K)]
  0x000001276cb853d0 JavaThread "WorkspaceEventsHandler"            [_thread_blocked, id=20940, stack(0x0000000989a00000,0x0000000989b00000) (1024K)]
  0x000001276cb84d40 JavaThread "pool-1-thread-1"                   [_thread_blocked, id=9528, stack(0x0000000989b00000,0x0000000989c00000) (1024K)]
  0x000001276cb85a60 JavaThread "Worker-7: Check JDK Index"         [_thread_blocked, id=3940, stack(0x0000000989c00000,0x0000000989d00000) (1024K)]
  0x000001276cb89c00 JavaThread "Timer-0"                           [_thread_blocked, id=12784, stack(0x0000000989d00000,0x0000000989e00000) (1024K)]
  0x000001276c15f0c0 JavaThread "LocalFile Deleter"          daemon [_thread_blocked, id=19796, stack(0x0000000987d00000,0x0000000987e00000) (1024K)]
  0x000001276c15e3a0 JavaThread "LocalFile Deleter"          daemon [_thread_blocked, id=18856, stack(0x0000000988300000,0x0000000988400000) (1024K)]
  0x000001276c15c2d0 JavaThread "LocalFile Deleter"          daemon [_thread_blocked, id=20700, stack(0x0000000988400000,0x0000000988500000) (1024K)]
  0x000001276c15ea30 JavaThread "LocalFile Deleter"          daemon [_thread_blocked, id=20012, stack(0x0000000989e00000,0x0000000989f00000) (1024K)]
  0x000001276c15d680 JavaThread "LocalFile Deleter"          daemon [_thread_blocked, id=2108, stack(0x0000000989f00000,0x000000098a000000) (1024K)]
  0x000001276c15cff0 JavaThread "LocalFile Deleter"          daemon [_thread_blocked, id=11688, stack(0x000000098a000000,0x000000098a100000) (1024K)]
  0x000001276c15bc40 JavaThread "Compiler Source File Reader" daemon [_thread_blocked, id=1436, stack(0x000000098a100000,0x000000098a200000) (1024K)]
  0x000001276c15dd10 JavaThread "Compiler Source File Reader" daemon [_thread_blocked, id=19152, stack(0x000000098a200000,0x000000098a300000) (1024K)]
  0x000001276c15c960 JavaThread "Compiler Source File Reader" daemon [_thread_blocked, id=3852, stack(0x000000098a300000,0x000000098a400000) (1024K)]
  0x000001276c161eb0 JavaThread "Compiler Processing Task"   daemon [_thread_blocked, id=13944, stack(0x000000098a400000,0x000000098a500000) (1024K)]
  0x000001276c160b00 JavaThread "Compiler Class File Writer" daemon [_thread_blocked, id=6004, stack(0x000000098a500000,0x000000098a600000) (1024K)]
  0x000001276c161190 JavaThread "Compiler Class File Writer" daemon [_thread_blocked, id=1452, stack(0x000000098a600000,0x000000098a700000) (1024K)]
  0x000001276c15f750 JavaThread "Compiler Class File Writer" daemon [_thread_blocked, id=11808, stack(0x000000098a700000,0x000000098a800000) (1024K)]
  0x000001276c163260 JavaThread "Compiler Class File Writer" daemon [_thread_blocked, id=23336, stack(0x000000098a800000,0x000000098a900000) (1024K)]
  0x000001276c162540 JavaThread "LocalFile Deleter"          daemon [_thread_blocked, id=11420, stack(0x000000098a900000,0x000000098aa00000) (1024K)]
  0x000001276c162bd0 JavaThread "LocalFile Deleter"          daemon [_thread_blocked, id=21212, stack(0x000000098aa00000,0x000000098ab00000) (1024K)]
  0x000001276c15fde0 JavaThread "LocalFile Deleter"          daemon [_thread_blocked, id=3804, stack(0x000000098ab00000,0x000000098ac00000) (1024K)]
  0x000001276c160470 JavaThread "LocalFile Deleter"          daemon [_thread_blocked, id=14988, stack(0x000000098ac00000,0x000000098ad00000) (1024K)]
  0x000001276c161820 JavaThread "LocalFile Deleter"          daemon [_thread_blocked, id=12428, stack(0x000000098ad00000,0x000000098ae00000) (1024K)]
  0x0000012741be5e60 JavaThread "LocalFile Deleter"          daemon [_thread_blocked, id=21956, stack(0x000000098ae00000,0x000000098af00000) (1024K)]
Total: 65

Other Threads:
  0x000001274cae37e0 VMThread "VM Thread"                           [id=20752, stack(0x0000000986300000,0x0000000986400000) (1024K)]
  0x000001274cbb7e80 WatcherThread "VM Periodic Task Thread"        [id=15812, stack(0x0000000986200000,0x0000000986300000) (1024K)]
  0x000001274cb6c6b0 WorkerThread "GC Thread#0"                     [id=22624, stack(0x0000000986100000,0x0000000986200000) (1024K)]
  0x00000127658ff930 WorkerThread "GC Thread#1"                     [id=17292, stack(0x0000000987000000,0x0000000987100000) (1024K)]
  0x0000012765fc6c70 WorkerThread "GC Thread#2"                     [id=15868, stack(0x0000000987100000,0x0000000987200000) (1024K)]
  0x00000127658ffcd0 WorkerThread "GC Thread#3"                     [id=14280, stack(0x0000000987200000,0x0000000987300000) (1024K)]
  0x0000012765d6ed70 WorkerThread "GC Thread#4"                     [id=18496, stack(0x0000000987300000,0x0000000987400000) (1024K)]
  0x0000012765d6f110 WorkerThread "GC Thread#5"                     [id=408, stack(0x0000000987400000,0x0000000987500000) (1024K)]
  0x0000012765d6f4b0 WorkerThread "GC Thread#6"                     [id=16548, stack(0x0000000987500000,0x0000000987600000) (1024K)]
  0x000001276a2376b0 WorkerThread "GC Thread#7"                     [id=20496, stack(0x0000000986d00000,0x0000000986e00000) (1024K)]
  0x000001276a3a4d20 WorkerThread "GC Thread#8"                     [id=22376, stack(0x0000000987a00000,0x0000000987b00000) (1024K)]
  0x000001276a3a50c0 WorkerThread "GC Thread#9"                     [id=18964, stack(0x0000000987b00000,0x0000000987c00000) (1024K)]
Total: 12

Threads with active compile tasks:
C2 CompilerThread0  84670 12612  s!   4       org.eclipse.jdt.internal.core.index.DiskIndex::readCategoryTable (743 bytes)
Total: 1

VM state: at safepoint (normal execution)

VM Mutex/Monitor currently owned by a thread:  ([mutex/lock_event])
[0x00007ff863fb5458] Threads_lock - owner thread: 0x000001274cae37e0
[0x00007ff863fb5558] Heap_lock - owner thread: 0x000001276b837ff0
[0x00007ff863fb59d8] PSOldGenExpand_lock - owner thread: 0x00000127658ff930

Heap address: 0x0000000080000000, size: 2048 MB, Compressed Oops mode: 32-bit

CDS archive(s) mapped at: [0x0000012700000000-0x0000012700ba0000-0x0000012700ba0000), size 12189696, SharedBaseAddress: 0x0000012700000000, ArchiveRelocationMode: 1.
Compressed class space mapped at: 0x0000012701000000-0x0000012741000000, reserved size: 1073741824
Narrow klass base: 0x0000012700000000, Narrow klass shift: 0, Narrow klass range: 0x100000000

GC Precious Log:
 CardTable entry size: 512
 CPUs: 12 total, 12 available
 Memory: 7930M
 Large Page Support: Disabled
 NUMA Support: Disabled
 Compressed Oops: Enabled (32-bit)
 Alignments: Space 512K, Generation 512K, Heap 2M
 Heap Min Capacity: 100M
 Heap Initial Capacity: 100M
 Heap Max Capacity: 2G
 Pre-touch: Disabled
 Parallel Workers: 10

Heap:
 PSYoungGen      total 7680K, used 7616K [0x00000000d5580000, 0x00000000d6080000, 0x0000000100000000)
  eden space 5632K, 100% used [0x00000000d5580000,0x00000000d5b00000,0x00000000d5b00000)
  from space 2048K, 96% used [0x00000000d5b00000,0x00000000d5cf0000,0x00000000d5d00000)
  to   space 2048K, 99% used [0x00000000d5e80000,0x00000000d607f7b0,0x00000000d6080000)
 ParOldGen       total 1251840K, used 1251838K [0x0000000080000000, 0x00000000cc680000, 0x00000000d5580000)
  object space 1251840K, 99% used [0x0000000080000000,0x00000000cc67f828,0x00000000cc680000)
 Metaspace       used 67070K, committed 68480K, reserved 1114112K
  class space    used 7516K, committed 8128K, reserved 1048576K

Card table byte_map: [0x000001274c4f0000,0x000001274c900000] _byte_map_base: 0x000001274c0f0000

Marking Bits: (ParMarkBitMap*) 0x00007ff863fba340
 Begin Bits: [0x000001275eff0000, 0x0000012760ff0000)
 End Bits:   [0x0000012760ff0000, 0x0000012762ff0000)

Polling page: 0x000001274abd0000

Metaspace:

Usage:
  Non-class:     58.16 MB used.
      Class:      7.34 MB used.
       Both:     65.50 MB used.

Virtual space:
  Non-class space:       64.00 MB reserved,      58.94 MB ( 92%) committed,  1 nodes.
      Class space:        1.00 GB reserved,       7.94 MB ( <1%) committed,  1 nodes.
             Both:        1.06 GB reserved,      66.88 MB (  6%) committed. 

Chunk freelists:
   Non-Class:  4.33 MB
       Class:  8.04 MB
        Both:  12.36 MB

MaxMetaspaceSize: unlimited
CompressedClassSpaceSize: 1.00 GB
Initial GC threshold: 21.00 MB
Current GC threshold: 111.38 MB
CDS: on
 - commit_granule_bytes: 65536.
 - commit_granule_words: 8192.
 - virtual_space_node_default_size: 8388608.
 - enlarge_chunks_in_place: 1.
 - use_allocation_guard: 0.


Internal statistics:

num_allocs_failed_limit: 9.
num_arena_births: 1126.
num_arena_deaths: 14.
num_vsnodes_births: 2.
num_vsnodes_deaths: 0.
num_space_committed: 1070.
num_space_uncommitted: 0.
num_chunks_returned_to_freelist: 23.
num_chunks_taken_from_freelist: 4107.
num_chunk_merges: 10.
num_chunk_splits: 2618.
num_chunks_enlarged: 1643.
num_inconsistent_stats: 0.

CodeHeap 'non-profiled nmethods': size=120000Kb used=11494Kb max_used=11950Kb free=108505Kb
 bounds [0x0000012757810000, 0x00000127583c0000, 0x000001275ed40000]
CodeHeap 'profiled nmethods': size=120000Kb used=18979Kb max_used=23962Kb free=101020Kb
 bounds [0x000001274fd40000, 0x00000127514b0000, 0x0000012757270000]
CodeHeap 'non-nmethods': size=5760Kb used=1445Kb max_used=1505Kb free=4314Kb
 bounds [0x0000012757270000, 0x00000127574e0000, 0x0000012757810000]
CodeCache: size=245760Kb, used=31918Kb, max_used=37417Kb, free=213839Kb
 total_blobs=10608, nmethods=9865, adapters=648, full_count=0
Compilation: enabled, stopped_count=0, restarted_count=0

Compilation events (20 events):
Event: 73.176 Thread 0x000001276540f9b0 nmethod 12602 0x0000012750c7d590 code [0x0000012750c7d820, 0x0000012750c7e6e0]
Event: 73.177 Thread 0x000001276540ef20 12603       4       org.eclipse.jdt.internal.core.index.DiskIndex::readStreamChars (529 bytes)
Event: 73.188 Thread 0x000001276540f9b0 12604       3       org.eclipse.jdt.internal.core.index.IndexLocation::close (1 bytes)
Event: 73.188 Thread 0x000001276540f9b0 nmethod 12604 0x000001274fe81290 code [0x000001274fe81420, 0x000001274fe81528]
Event: 73.189 Thread 0x000001276540ef20 nmethod 12603 0x00000127578e0190 code [0x00000127578e0360, 0x00000127578e0ae8]
Event: 75.212 Thread 0x000001276540f9b0 12605       3       org.eclipse.jdt.internal.core.index.DiskIndex::readStreamInt (117 bytes)
Event: 75.212 Thread 0x000001276540f9b0 nmethod 12605 0x00000127500e7d10 code [0x00000127500e7ec0, 0x00000127500e8118]
Event: 75.212 Thread 0x000001276540f9b0 12606  s!   3       org.eclipse.jdt.internal.core.index.DiskIndex::readCategoryTable (743 bytes)
Event: 77.231 Thread 0x000001276540f9b0 nmethod 12606 0x00000127508eda90 code [0x00000127508ee0c0, 0x00000127508f1e10]
Event: 77.302 Thread 0x000001276540f9b0 12607       3       org.eclipse.jdt.internal.compiler.util.HashtableOfIntValues::get (69 bytes)
Event: 77.302 Thread 0x000001276540f9b0 nmethod 12607 0x000001274fec5790 code [0x000001274fec5980, 0x000001274fec5e08]
Event: 77.306 Thread 0x000001276540ef20 12608       4       java.util.Optional::ifPresent (18 bytes)
Event: 77.306 Thread 0x000001276540ef20 nmethod 12608 0x0000012757cfd810 code [0x0000012757cfd9a0, 0x0000012757cfda50]
Event: 77.315 Thread 0x000001276540ef20 12609       4       org.eclipse.jdt.internal.core.index.DiskIndex::readStreamInt (117 bytes)
Event: 77.316 Thread 0x000001276540ef20 nmethod 12609 0x0000012757931590 code [0x0000012757931720, 0x00000127579318b0]
Event: 78.328 Thread 0x000001276540ef20 12610   !   4       java.io.FileInputStream::read (32 bytes)
Event: 78.329 Thread 0x000001276540ef20 nmethod 12610 0x00000127579a7210 code [0x00000127579a73c0, 0x00000127579a7520]
Event: 78.422 Thread 0x000001276540f9b0 12611       3       org.eclipse.jdt.internal.compiler.util.SimpleSetOfCharArray::get (84 bytes)
Event: 78.422 Thread 0x000001276540f9b0 nmethod 12611 0x00000127507b1390 code [0x00000127507b15a0, 0x00000127507b1b60]
Event: 78.508 Thread 0x000001276540ef20 12612  s!   4       org.eclipse.jdt.internal.core.index.DiskIndex::readCategoryTable (743 bytes)

GC Heap History (20 events):
Event: 78.419 GC heap after
{Heap after GC invocations=2662 (full 4):
 PSYoungGen      total 3584K, used 960K [0x00000000d5580000, 0x00000000d5c00000, 0x0000000100000000)
  eden space 2560K, 0% used [0x00000000d5580000,0x00000000d5580000,0x00000000d5800000)
  from space 1024K, 93% used [0x00000000d5b00000,0x00000000d5bf0000,0x00000000d5c00000)
  to   space 1024K, 0% used [0x00000000d5980000,0x00000000d5980000,0x00000000d5a80000)
 ParOldGen       total 1239040K, used 1238560K [0x0000000080000000, 0x00000000cba00000, 0x00000000d5580000)
  object space 1239040K, 99% used [0x0000000080000000,0x00000000cb988188,0x00000000cba00000)
 Metaspace       used 67070K, committed 68480K, reserved 1114112K
  class space    used 7516K, committed 8128K, reserved 1048576K
}
Event: 78.424 GC heap before
{Heap before GC invocations=2663 (full 4):
 PSYoungGen      total 3584K, used 3520K [0x00000000d5580000, 0x00000000d5c00000, 0x0000000100000000)
  eden space 2560K, 100% used [0x00000000d5580000,0x00000000d5800000,0x00000000d5800000)
  from space 1024K, 93% used [0x00000000d5b00000,0x00000000d5bf0000,0x00000000d5c00000)
  to   space 1024K, 0% used [0x00000000d5980000,0x00000000d5980000,0x00000000d5a80000)
 ParOldGen       total 1239040K, used 1238560K [0x0000000080000000, 0x00000000cba00000, 0x00000000d5580000)
  object space 1239040K, 99% used [0x0000000080000000,0x00000000cb988188,0x00000000cba00000)
 Metaspace       used 67070K, committed 68480K, reserved 1114112K
  class space    used 7516K, committed 8128K, reserved 1048576K
}
Event: 78.427 GC heap after
{Heap after GC invocations=2663 (full 4):
 PSYoungGen      total 3584K, used 994K [0x00000000d5580000, 0x00000000d5e00000, 0x0000000100000000)
  eden space 2560K, 0% used [0x00000000d5580000,0x00000000d5580000,0x00000000d5800000)
  from space 1024K, 97% used [0x00000000d5980000,0x00000000d5a78a08,0x00000000d5a80000)
  to   space 3072K, 0% used [0x00000000d5b00000,0x00000000d5b00000,0x00000000d5e00000)
 ParOldGen       total 1240576K, used 1240162K [0x0000000080000000, 0x00000000cbb80000, 0x00000000d5580000)
  object space 1240576K, 99% used [0x0000000080000000,0x00000000cbb18aa8,0x00000000cbb80000)
 Metaspace       used 67070K, committed 68480K, reserved 1114112K
  class space    used 7516K, committed 8128K, reserved 1048576K
}
Event: 78.490 GC heap before
{Heap before GC invocations=2664 (full 4):
 PSYoungGen      total 3584K, used 3554K [0x00000000d5580000, 0x00000000d5e00000, 0x0000000100000000)
  eden space 2560K, 100% used [0x00000000d5580000,0x00000000d5800000,0x00000000d5800000)
  from space 1024K, 97% used [0x00000000d5980000,0x00000000d5a78a08,0x00000000d5a80000)
  to   space 3072K, 0% used [0x00000000d5b00000,0x00000000d5b00000,0x00000000d5e00000)
 ParOldGen       total 1240576K, used 1240162K [0x0000000080000000, 0x00000000cbb80000, 0x00000000d5580000)
  object space 1240576K, 99% used [0x0000000080000000,0x00000000cbb18aa8,0x00000000cbb80000)
 Metaspace       used 67070K, committed 68480K, reserved 1114112K
  class space    used 7516K, committed 8128K, reserved 1048576K
}
Event: 78.493 GC heap after
{Heap after GC invocations=2664 (full 4):
 PSYoungGen      total 5120K, used 2340K [0x00000000d5580000, 0x00000000d5d80000, 0x0000000100000000)
  eden space 2560K, 0% used [0x00000000d5580000,0x00000000d5580000,0x00000000d5800000)
  from space 2560K, 91% used [0x00000000d5b00000,0x00000000d5d49010,0x00000000d5d80000)
  to   space 2560K, 0% used [0x00000000d5880000,0x00000000d5880000,0x00000000d5b00000)
 ParOldGen       total 1241600K, used 1241202K [0x0000000080000000, 0x00000000cbc80000, 0x00000000d5580000)
  object space 1241600K, 99% used [0x0000000080000000,0x00000000cbc1c970,0x00000000cbc80000)
 Metaspace       used 67070K, committed 68480K, reserved 1114112K
  class space    used 7516K, committed 8128K, reserved 1048576K
}
Event: 78.514 GC heap before
{Heap before GC invocations=2665 (full 4):
 PSYoungGen      total 5120K, used 4900K [0x00000000d5580000, 0x00000000d5d80000, 0x0000000100000000)
  eden space 2560K, 100% used [0x00000000d5580000,0x00000000d5800000,0x00000000d5800000)
  from space 2560K, 91% used [0x00000000d5b00000,0x00000000d5d49010,0x00000000d5d80000)
  to   space 2560K, 0% used [0x00000000d5880000,0x00000000d5880000,0x00000000d5b00000)
 ParOldGen       total 1241600K, used 1241202K [0x0000000080000000, 0x00000000cbc80000, 0x00000000d5580000)
  object space 1241600K, 99% used [0x0000000080000000,0x00000000cbc1c970,0x00000000cbc80000)
 Metaspace       used 67070K, committed 68480K, reserved 1114112K
  class space    used 7516K, committed 8128K, reserved 1048576K
}
Event: 79.518 GC heap after
{Heap after GC invocations=2665 (full 4):
 PSYoungGen      total 4096K, used 928K [0x00000000d5580000, 0x00000000d5b80000, 0x0000000100000000)
  eden space 3072K, 0% used [0x00000000d5580000,0x00000000d5580000,0x00000000d5880000)
  from space 1024K, 90% used [0x00000000d5880000,0x00000000d5968000,0x00000000d5980000)
  to   space 1536K, 0% used [0x00000000d5a00000,0x00000000d5a00000,0x00000000d5b80000)
 ParOldGen       total 1243648K, used 1243318K [0x0000000080000000, 0x00000000cbe80000, 0x00000000d5580000)
  object space 1243648K, 99% used [0x0000000080000000,0x00000000cbe2d868,0x00000000cbe80000)
 Metaspace       used 67070K, committed 68480K, reserved 1114112K
  class space    used 7516K, committed 8128K, reserved 1048576K
}
Event: 79.562 GC heap before
{Heap before GC invocations=2666 (full 4):
 PSYoungGen      total 4096K, used 4000K [0x00000000d5580000, 0x00000000d5b80000, 0x0000000100000000)
  eden space 3072K, 100% used [0x00000000d5580000,0x00000000d5880000,0x00000000d5880000)
  from space 1024K, 90% used [0x00000000d5880000,0x00000000d5968000,0x00000000d5980000)
  to   space 1536K, 0% used [0x00000000d5a00000,0x00000000d5a00000,0x00000000d5b80000)
 ParOldGen       total 1243648K, used 1243318K [0x0000000080000000, 0x00000000cbe80000, 0x00000000d5580000)
  object space 1243648K, 99% used [0x0000000080000000,0x00000000cbe2d868,0x00000000cbe80000)
 Metaspace       used 67070K, committed 68480K, reserved 1114112K
  class space    used 7516K, committed 8128K, reserved 1048576K
}
Event: 79.565 GC heap after
{Heap after GC invocations=2666 (full 4):
 PSYoungGen      total 5120K, used 928K [0x00000000d5580000, 0x00000000d5b80000, 0x0000000100000000)
  eden space 3584K, 0% used [0x00000000d5580000,0x00000000d5580000,0x00000000d5900000)
  from space 1536K, 60% used [0x00000000d5a00000,0x00000000d5ae8000,0x00000000d5b80000)
  to   space 1024K, 0% used [0x00000000d5900000,0x00000000d5900000,0x00000000d5a00000)
 ParOldGen       total 1244160K, used 1244123K [0x0000000080000000, 0x00000000cbf00000, 0x00000000d5580000)
  object space 1244160K, 99% used [0x0000000080000000,0x00000000cbef6cf0,0x00000000cbf00000)
 Metaspace       used 67070K, committed 68480K, reserved 1114112K
  class space    used 7516K, committed 8128K, reserved 1048576K
}
Event: 79.592 GC heap before
{Heap before GC invocations=2667 (full 4):
 PSYoungGen      total 5120K, used 4505K [0x00000000d5580000, 0x00000000d5b80000, 0x0000000100000000)
  eden space 3584K, 99% used [0x00000000d5580000,0x00000000d58fe790,0x00000000d5900000)
  from space 1536K, 60% used [0x00000000d5a00000,0x00000000d5ae8000,0x00000000d5b80000)
  to   space 1024K, 0% used [0x00000000d5900000,0x00000000d5900000,0x00000000d5a00000)
 ParOldGen       total 1244160K, used 1244123K [0x0000000080000000, 0x00000000cbf00000, 0x00000000d5580000)
  object space 1244160K, 99% used [0x0000000080000000,0x00000000cbef6cf0,0x00000000cbf00000)
 Metaspace       used 67070K, committed 68480K, reserved 1114112K
  class space    used 7516K, committed 8128K, reserved 1048576K
}
Event: 79.594 GC heap after
{Heap after GC invocations=2667 (full 4):
 PSYoungGen      total 4608K, used 1024K [0x00000000d5580000, 0x00000000d5f00000, 0x0000000100000000)
  eden space 3584K, 0% used [0x00000000d5580000,0x00000000d5580000,0x00000000d5900000)
  from space 1024K, 100% used [0x00000000d5900000,0x00000000d5a00000,0x00000000d5a00000)
  to   space 2560K, 0% used [0x00000000d5c80000,0x00000000d5c80000,0x00000000d5f00000)
 ParOldGen       total 1245184K, used 1244989K [0x0000000080000000, 0x00000000cc000000, 0x00000000d5580000)
  object space 1245184K, 99% used [0x0000000080000000,0x00000000cbfcf510,0x00000000cc000000)
 Metaspace       used 67070K, committed 68480K, reserved 1114112K
  class space    used 7516K, committed 8128K, reserved 1048576K
}
Event: 79.607 GC heap before
{Heap before GC invocations=2668 (full 4):
 PSYoungGen      total 4608K, used 4608K [0x00000000d5580000, 0x00000000d5f00000, 0x0000000100000000)
  eden space 3584K, 100% used [0x00000000d5580000,0x00000000d5900000,0x00000000d5900000)
  from space 1024K, 100% used [0x00000000d5900000,0x00000000d5a00000,0x00000000d5a00000)
  to   space 2560K, 0% used [0x00000000d5c80000,0x00000000d5c80000,0x00000000d5f00000)
 ParOldGen       total 1245184K, used 1244989K [0x0000000080000000, 0x00000000cc000000, 0x00000000d5580000)
  object space 1245184K, 99% used [0x0000000080000000,0x00000000cbfcf510,0x00000000cc000000)
 Metaspace       used 67070K, committed 68480K, reserved 1114112K
  class space    used 7516K, committed 8128K, reserved 1048576K
}
Event: 79.609 GC heap after
{Heap after GC invocations=2668 (full 4):
 PSYoungGen      total 7168K, used 2233K [0x00000000d5580000, 0x00000000d5f00000, 0x0000000100000000)
  eden space 4608K, 0% used [0x00000000d5580000,0x00000000d5580000,0x00000000d5a00000)
  from space 2560K, 87% used [0x00000000d5c80000,0x00000000d5eae628,0x00000000d5f00000)
  to   space 2560K, 0% used [0x00000000d5a00000,0x00000000d5a00000,0x00000000d5c80000)
 ParOldGen       total 1246208K, used 1245701K [0x0000000080000000, 0x00000000cc100000, 0x00000000d5580000)
  object space 1246208K, 99% used [0x0000000080000000,0x00000000cc0817b0,0x00000000cc100000)
 Metaspace       used 67070K, committed 68480K, reserved 1114112K
  class space    used 7516K, committed 8128K, reserved 1048576K
}
Event: 79.610 GC heap before
{Heap before GC invocations=2669 (full 4):
 PSYoungGen      total 7168K, used 6841K [0x00000000d5580000, 0x00000000d5f00000, 0x0000000100000000)
  eden space 4608K, 100% used [0x00000000d5580000,0x00000000d5a00000,0x00000000d5a00000)
  from space 2560K, 87% used [0x00000000d5c80000,0x00000000d5eae628,0x00000000d5f00000)
  to   space 2560K, 0% used [0x00000000d5a00000,0x00000000d5a00000,0x00000000d5c80000)
 ParOldGen       total 1246208K, used 1245701K [0x0000000080000000, 0x00000000cc100000, 0x00000000d5580000)
  object space 1246208K, 99% used [0x0000000080000000,0x00000000cc0817b0,0x00000000cc100000)
 Metaspace       used 67070K, committed 68480K, reserved 1114112K
  class space    used 7516K, committed 8128K, reserved 1048576K
}
Event: 80.618 GC heap after
{Heap after GC invocations=2669 (full 4):
 PSYoungGen      total 7168K, used 1632K [0x00000000d5580000, 0x00000000d5f00000, 0x0000000100000000)
  eden space 4608K, 0% used [0x00000000d5580000,0x00000000d5580000,0x00000000d5a00000)
  from space 2560K, 63% used [0x00000000d5a00000,0x00000000d5b98000,0x00000000d5c80000)
  to   space 2048K, 0% used [0x00000000d5d00000,0x00000000d5d00000,0x00000000d5f00000)
 ParOldGen       total 1248256K, used 1247854K [0x0000000080000000, 0x00000000cc300000, 0x00000000d5580000)
  object space 1248256K, 99% used [0x0000000080000000,0x00000000cc29b828,0x00000000cc300000)
 Metaspace       used 67070K, committed 68480K, reserved 1114112K
  class space    used 7516K, committed 8128K, reserved 1048576K
}
Event: 80.619 GC heap before
{Heap before GC invocations=2670 (full 4):
 PSYoungGen      total 7168K, used 6240K [0x00000000d5580000, 0x00000000d5f00000, 0x0000000100000000)
  eden space 4608K, 100% used [0x00000000d5580000,0x00000000d5a00000,0x00000000d5a00000)
  from space 2560K, 63% used [0x00000000d5a00000,0x00000000d5b98000,0x00000000d5c80000)
  to   space 2048K, 0% used [0x00000000d5d00000,0x00000000d5d00000,0x00000000d5f00000)
 ParOldGen       total 1248256K, used 1247854K [0x0000000080000000, 0x00000000cc300000, 0x00000000d5580000)
  object space 1248256K, 99% used [0x0000000080000000,0x00000000cc29b828,0x00000000cc300000)
 Metaspace       used 67070K, committed 68480K, reserved 1114112K
  class space    used 7516K, committed 8128K, reserved 1048576K
}
Event: 80.622 GC heap after
{Heap after GC invocations=2670 (full 4):
 PSYoungGen      total 7680K, used 1792K [0x00000000d5580000, 0x00000000d5f00000, 0x0000000100000000)
  eden space 5632K, 0% used [0x00000000d5580000,0x00000000d5580000,0x00000000d5b00000)
  from space 2048K, 87% used [0x00000000d5d00000,0x00000000d5ec0000,0x00000000d5f00000)
  to   space 2048K, 0% used [0x00000000d5b00000,0x00000000d5b00000,0x00000000d5d00000)
 ParOldGen       total 1249792K, used 1249438K [0x0000000080000000, 0x00000000cc480000, 0x00000000d5580000)
  object space 1249792K, 99% used [0x0000000080000000,0x00000000cc427828,0x00000000cc480000)
 Metaspace       used 67070K, committed 68480K, reserved 1114112K
  class space    used 7516K, committed 8128K, reserved 1048576K
}
Event: 80.623 GC heap before
{Heap before GC invocations=2671 (full 4):
 PSYoungGen      total 7680K, used 7424K [0x00000000d5580000, 0x00000000d5f00000, 0x0000000100000000)
  eden space 5632K, 100% used [0x00000000d5580000,0x00000000d5b00000,0x00000000d5b00000)
  from space 2048K, 87% used [0x00000000d5d00000,0x00000000d5ec0000,0x00000000d5f00000)
  to   space 2048K, 0% used [0x00000000d5b00000,0x00000000d5b00000,0x00000000d5d00000)
 ParOldGen       total 1249792K, used 1249438K [0x0000000080000000, 0x00000000cc480000, 0x00000000d5580000)
  object space 1249792K, 99% used [0x0000000080000000,0x00000000cc427828,0x00000000cc480000)
 Metaspace       used 67070K, committed 68480K, reserved 1114112K
  class space    used 7516K, committed 8128K, reserved 1048576K
}
Event: 82.640 GC heap after
{Heap after GC invocations=2671 (full 4):
 PSYoungGen      total 7680K, used 1984K [0x00000000d5580000, 0x00000000d6080000, 0x0000000100000000)
  eden space 5632K, 0% used [0x00000000d5580000,0x00000000d5580000,0x00000000d5b00000)
  from space 2048K, 96% used [0x00000000d5b00000,0x00000000d5cf0000,0x00000000d5d00000)
  to   space 2048K, 0% used [0x00000000d5e80000,0x00000000d5e80000,0x00000000d6080000)
 ParOldGen       total 1251328K, used 1251094K [0x0000000080000000, 0x00000000cc600000, 0x00000000d5580000)
  object space 1251328K, 99% used [0x0000000080000000,0x00000000cc5c5828,0x00000000cc600000)
 Metaspace       used 67070K, committed 68480K, reserved 1114112K
  class space    used 7516K, committed 8128K, reserved 1048576K
}
Event: 82.649 GC heap before
{Heap before GC invocations=2672 (full 4):
 PSYoungGen      total 7680K, used 7616K [0x00000000d5580000, 0x00000000d6080000, 0x0000000100000000)
  eden space 5632K, 100% used [0x00000000d5580000,0x00000000d5b00000,0x00000000d5b00000)
  from space 2048K, 96% used [0x00000000d5b00000,0x00000000d5cf0000,0x00000000d5d00000)
  to   space 2048K, 0% used [0x00000000d5e80000,0x00000000d5e80000,0x00000000d6080000)
 ParOldGen       total 1251328K, used 1251094K [0x0000000080000000, 0x00000000cc600000, 0x00000000d5580000)
  object space 1251328K, 99% used [0x0000000080000000,0x00000000cc5c5828,0x00000000cc600000)
 Metaspace       used 67070K, committed 68480K, reserved 1114112K
  class space    used 7516K, committed 8128K, reserved 1048576K
}

Dll operation events (13 events):
Event: 0.016 Loaded shared library c:\Users\ranja\.vscode\extensions\redhat.java-1.44.0-win32-x64\jre\21.0.8-win32-x86_64\bin\java.dll
Event: 0.093 Loaded shared library c:\Users\ranja\.vscode\extensions\redhat.java-1.44.0-win32-x64\jre\21.0.8-win32-x86_64\bin\zip.dll
Event: 0.113 Loaded shared library C:\Users\ranja\.vscode\extensions\redhat.java-1.44.0-win32-x64\jre\21.0.8-win32-x86_64\bin\instrument.dll
Event: 0.117 Loaded shared library C:\Users\ranja\.vscode\extensions\redhat.java-1.44.0-win32-x64\jre\21.0.8-win32-x86_64\bin\net.dll
Event: 0.119 Loaded shared library C:\Users\ranja\.vscode\extensions\redhat.java-1.44.0-win32-x64\jre\21.0.8-win32-x86_64\bin\nio.dll
Event: 0.121 Loaded shared library C:\Users\ranja\.vscode\extensions\redhat.java-1.44.0-win32-x64\jre\21.0.8-win32-x86_64\bin\zip.dll
Event: 0.135 Loaded shared library C:\Users\ranja\.vscode\extensions\redhat.java-1.44.0-win32-x64\jre\21.0.8-win32-x86_64\bin\jimage.dll
Event: 0.184 Loaded shared library c:\Users\ranja\.vscode\extensions\redhat.java-1.44.0-win32-x64\jre\21.0.8-win32-x86_64\bin\verify.dll
Event: 5.179 Loaded shared library C:\Users\ranja\AppData\Roaming\Code\User\globalStorage\redhat.java\1.44.0\config_win\org.eclipse.equinox.launcher\org.eclipse.equinox.launcher.win32.win32.x86_64_1.2.1400.v20250730-1736\eclipse_11913.dll
Event: 9.460 Loaded shared library C:\Users\ranja\AppData\Local\Temp\jna-108280214\jna1210476627419680484.dll
Event: 14.899 Loaded shared library C:\Users\ranja\.gradle\native\1def1411415f61bf3af743bc5b6707747c0891f09f0c88961ee8f79bc544acac\windows-amd64\native-platform.dll
Event: 16.076 Loaded shared library C:\Users\ranja\.vscode\extensions\redhat.java-1.44.0-win32-x64\jre\21.0.8-win32-x86_64\bin\management.dll
Event: 16.089 Loaded shared library C:\Users\ranja\.vscode\extensions\redhat.java-1.44.0-win32-x64\jre\21.0.8-win32-x86_64\bin\management_ext.dll

Deoptimization events (20 events):
Event: 78.330 Thread 0x000001276b837ff0 DEOPT PACKING pc=0x00000127508f0c9c sp=0x00000009885ff260
Event: 78.330 Thread 0x000001276b837ff0 DEOPT UNPACKING pc=0x00000127572c78e2 sp=0x00000009885fe810 mode 0
Event: 78.344 Thread 0x000001276b837ff0 DEOPT PACKING pc=0x00000127508f0c9c sp=0x00000009885ff260
Event: 78.344 Thread 0x000001276b837ff0 DEOPT UNPACKING pc=0x00000127572c78e2 sp=0x00000009885fe810 mode 0
Event: 78.395 Thread 0x000001276b837ff0 DEOPT PACKING pc=0x00000127508f0c9c sp=0x00000009885ff260
Event: 78.395 Thread 0x000001276b837ff0 DEOPT UNPACKING pc=0x00000127572c78e2 sp=0x00000009885fe810 mode 0
Event: 78.422 Thread 0x000001276b837ff0 DEOPT PACKING pc=0x00000127508f0c9c sp=0x00000009885ff260
Event: 78.422 Thread 0x000001276b837ff0 DEOPT UNPACKING pc=0x00000127572c78e2 sp=0x00000009885fe810 mode 0
Event: 78.507 Thread 0x000001276b837ff0 DEOPT PACKING pc=0x00000127508f0c9c sp=0x00000009885ff260
Event: 78.507 Thread 0x000001276b837ff0 DEOPT UNPACKING pc=0x00000127572c78e2 sp=0x00000009885fe810 mode 0
Event: 79.551 Thread 0x000001276b837ff0 DEOPT PACKING pc=0x00000127508f0c9c sp=0x00000009885ff260
Event: 79.551 Thread 0x000001276b837ff0 DEOPT UNPACKING pc=0x00000127572c78e2 sp=0x00000009885fe810 mode 0
Event: 79.595 Thread 0x000001276b837ff0 DEOPT PACKING pc=0x00000127508f0c9c sp=0x00000009885ff260
Event: 79.595 Thread 0x000001276b837ff0 DEOPT UNPACKING pc=0x00000127572c78e2 sp=0x00000009885fe810 mode 0
Event: 82.644 Thread 0x000001276b837ff0 DEOPT PACKING pc=0x00000127508f0c9c sp=0x00000009885ff260
Event: 82.644 Thread 0x000001276b837ff0 DEOPT UNPACKING pc=0x00000127572c78e2 sp=0x00000009885fe810 mode 0
Event: 82.645 Thread 0x000001276b837ff0 Uncommon trap: trap_request=0xffffff45 fr.pc=0x0000012757d03764 relative=0x0000000000003204
Event: 82.645 Thread 0x000001276b837ff0 Uncommon trap: reason=unstable_if action=reinterpret pc=0x0000012757d03764 method=org.eclipse.jdt.internal.core.index.DiskIndex.readStreamDocumentArray(Ljava/io/InputStream;I)[I @ 17 c2
Event: 82.645 Thread 0x000001276b837ff0 DEOPT PACKING pc=0x0000012757d03764 sp=0x00000009885ff370
Event: 82.645 Thread 0x000001276b837ff0 DEOPT UNPACKING pc=0x00000127572c6da2 sp=0x00000009885ff288 mode 2

Classes loaded (20 events):
Event: 30.952 Loading class sun/util/cldr/CLDRTimeZoneNameProviderImpl
Event: 30.953 Loading class sun/util/locale/provider/TimeZoneNameProviderImpl
Event: 30.953 Loading class sun/util/locale/provider/TimeZoneNameProviderImpl done
Event: 30.953 Loading class sun/util/cldr/CLDRTimeZoneNameProviderImpl done
Event: 30.956 Loading class sun/util/resources/cldr/TimeZoneNames
Event: 30.957 Loading class sun/util/resources/TimeZoneNamesBundle
Event: 30.957 Loading class sun/util/resources/OpenListResourceBundle
Event: 30.957 Loading class sun/util/resources/OpenListResourceBundle done
Event: 30.957 Loading class sun/util/resources/TimeZoneNamesBundle done
Event: 30.957 Loading class sun/util/resources/cldr/TimeZoneNames done
Event: 30.957 Loading class sun/util/resources/cldr/TimeZoneNames_en
Event: 30.960 Loading class sun/util/resources/cldr/TimeZoneNames_en done
Event: 30.960 Loading class sun/util/resources/cldr/TimeZoneNames_en_US
Event: 30.960 Loading class sun/util/resources/cldr/TimeZoneNames_en_US done
Event: 30.963 Loading class sun/util/cldr/CLDRBaseLocaleDataMetaInfo$TZCanonicalIDMapHolder
Event: 30.965 Loading class sun/util/cldr/CLDRBaseLocaleDataMetaInfo$TZCanonicalIDMapHolder done
Event: 30.967 Loading class sun/util/resources/TimeZoneNames
Event: 30.969 Loading class sun/util/resources/TimeZoneNames done
Event: 30.969 Loading class sun/util/resources/TimeZoneNames_en
Event: 30.969 Loading class sun/util/resources/TimeZoneNames_en done

Classes unloaded (7 events):
Event: 9.939 Thread 0x000001274cae37e0 Unloading class 0x00000127011ad000 'java/lang/invoke/LambdaForm$MH+0x00000127011ad000'
Event: 9.939 Thread 0x000001274cae37e0 Unloading class 0x00000127011acc00 'java/lang/invoke/LambdaForm$MH+0x00000127011acc00'
Event: 9.939 Thread 0x000001274cae37e0 Unloading class 0x00000127011ac800 'java/lang/invoke/LambdaForm$MH+0x00000127011ac800'
Event: 9.939 Thread 0x000001274cae37e0 Unloading class 0x00000127011ac400 'java/lang/invoke/LambdaForm$MH+0x00000127011ac400'
Event: 9.939 Thread 0x000001274cae37e0 Unloading class 0x00000127011ac000 'java/lang/invoke/LambdaForm$BMH+0x00000127011ac000'
Event: 9.939 Thread 0x000001274cae37e0 Unloading class 0x00000127011abc00 'java/lang/invoke/LambdaForm$DMH+0x00000127011abc00'
Event: 9.939 Thread 0x000001274cae37e0 Unloading class 0x00000127011aa800 'java/lang/invoke/LambdaForm$DMH+0x00000127011aa800'

Classes redefined (0 events):
No events

Internal exceptions (20 events):
Event: 63.476 Thread 0x000001276b837ff0 Exception <a 'sun/nio/fs/WindowsException'{0x00000000d58a86a8}> (0x00000000d58a86a8) 
thrown [s\src\hotspot\share\prims\jni.cpp, line 520]
Event: 70.939 Thread 0x000001276b837ff0 Exception <a 'sun/nio/fs/WindowsException'{0x00000000d55cd040}> (0x00000000d55cd040) 
thrown [s\src\hotspot\share\prims\jni.cpp, line 520]
Event: 71.540 Thread 0x000001276b837ff0 Exception <a 'sun/nio/fs/WindowsException'{0x00000000d585d678}> (0x00000000d585d678) 
thrown [s\src\hotspot\share\prims\jni.cpp, line 520]
Event: 71.560 Thread 0x000001276b837ff0 Exception <a 'sun/nio/fs/WindowsException'{0x00000000d5a8bc00}> (0x00000000d5a8bc00) 
thrown [s\src\hotspot\share\prims\jni.cpp, line 520]
Event: 71.576 Thread 0x000001276b837ff0 Exception <a 'sun/nio/fs/WindowsException'{0x00000000d5ab8b78}> (0x00000000d5ab8b78) 
thrown [s\src\hotspot\share\prims\jni.cpp, line 520]
Event: 71.692 Thread 0x000001276b837ff0 Exception <a 'sun/nio/fs/WindowsException'{0x00000000d5cb1308}> (0x00000000d5cb1308) 
thrown [s\src\hotspot\share\prims\jni.cpp, line 520]
Event: 71.705 Thread 0x000001276b837ff0 Exception <a 'sun/nio/fs/WindowsException'{0x00000000d5d58588}> (0x00000000d5d58588) 
thrown [s\src\hotspot\share\prims\jni.cpp, line 520]
Event: 71.719 Thread 0x000001276b837ff0 Exception <a 'sun/nio/fs/WindowsException'{0x00000000d5d94218}> (0x00000000d5d94218) 
thrown [s\src\hotspot\share\prims\jni.cpp, line 520]
Event: 71.752 Thread 0x000001276b837ff0 Exception <a 'sun/nio/fs/WindowsException'{0x00000000d5614500}> (0x00000000d5614500) 
thrown [s\src\hotspot\share\prims\jni.cpp, line 520]
Event: 71.780 Thread 0x000001276b837ff0 Exception <a 'sun/nio/fs/WindowsException'{0x00000000d59d6860}> (0x00000000d59d6860) 
thrown [s\src\hotspot\share\prims\jni.cpp, line 520]
Event: 71.799 Thread 0x000001276b837ff0 Exception <a 'sun/nio/fs/WindowsException'{0x00000000d5b00e10}> (0x00000000d5b00e10) 
thrown [s\src\hotspot\share\prims\jni.cpp, line 520]
Event: 71.819 Thread 0x000001276b837ff0 Exception <a 'sun/nio/fs/WindowsException'{0x00000000d5e029f8}> (0x00000000d5e029f8) 
thrown [s\src\hotspot\share\prims\jni.cpp, line 520]
Event: 71.842 Thread 0x000001276b837ff0 Exception <a 'sun/nio/fs/WindowsException'{0x00000000d55813c8}> (0x00000000d55813c8) 
thrown [s\src\hotspot\share\prims\jni.cpp, line 520]
Event: 71.866 Thread 0x000001276b837ff0 Exception <a 'sun/nio/fs/WindowsException'{0x00000000d58e98e8}> (0x00000000d58e98e8) 
thrown [s\src\hotspot\share\prims\jni.cpp, line 520]
Event: 71.895 Thread 0x000001276b837ff0 Exception <a 'sun/nio/fs/WindowsException'{0x00000000d56c65f0}> (0x00000000d56c65f0) 
thrown [s\src\hotspot\share\prims\jni.cpp, line 520]
Event: 71.996 Thread 0x000001276b837ff0 Exception <a 'sun/nio/fs/WindowsException'{0x00000000d572a7b8}> (0x00000000d572a7b8) 
thrown [s\src\hotspot\share\prims\jni.cpp, line 520]
Event: 72.135 Thread 0x000001276b837ff0 Exception <a 'sun/nio/fs/WindowsException'{0x00000000d56560f8}> (0x00000000d56560f8) 
thrown [s\src\hotspot\share\prims\jni.cpp, line 520]
Event: 72.391 Thread 0x000001276b837ff0 Exception <a 'sun/nio/fs/WindowsException'{0x00000000d5a64510}> (0x00000000d5a64510) 
thrown [s\src\hotspot\share\prims\jni.cpp, line 520]
Event: 72.403 Thread 0x000001276b837ff0 Exception <a 'sun/nio/fs/WindowsException'{0x00000000d5a7a7d8}> (0x00000000d5a7a7d8) 
thrown [s\src\hotspot\share\prims\jni.cpp, line 520]
Event: 72.426 Thread 0x000001276b837ff0 Exception <a 'sun/nio/fs/WindowsException'{0x00000000d5c1d2d8}> (0x00000000d5c1d2d8) 
thrown [s\src\hotspot\share\prims\jni.cpp, line 520]

ZGC Phase Switch (0 events):
No events

VM Operations (20 events):
Event: 78.419 Executing VM operation: ParallelGCFailedAllocation (Allocation Failure) done
Event: 78.424 Executing VM operation: ParallelGCFailedAllocation (Allocation Failure)
Event: 78.427 Executing VM operation: ParallelGCFailedAllocation (Allocation Failure) done
Event: 78.490 Executing VM operation: ParallelGCFailedAllocation (Allocation Failure)
Event: 78.493 Executing VM operation: ParallelGCFailedAllocation (Allocation Failure) done
Event: 78.514 Executing VM operation: ParallelGCFailedAllocation (Allocation Failure)
Event: 79.518 Executing VM operation: ParallelGCFailedAllocation (Allocation Failure) done
Event: 79.562 Executing VM operation: ParallelGCFailedAllocation (Allocation Failure)
Event: 79.565 Executing VM operation: ParallelGCFailedAllocation (Allocation Failure) done
Event: 79.592 Executing VM operation: ParallelGCFailedAllocation (Allocation Failure)
Event: 79.594 Executing VM operation: ParallelGCFailedAllocation (Allocation Failure) done
Event: 79.607 Executing VM operation: ParallelGCFailedAllocation (Allocation Failure)
Event: 79.609 Executing VM operation: ParallelGCFailedAllocation (Allocation Failure) done
Event: 79.610 Executing VM operation: ParallelGCFailedAllocation (Allocation Failure)
Event: 80.618 Executing VM operation: ParallelGCFailedAllocation (Allocation Failure) done
Event: 80.619 Executing VM operation: ParallelGCFailedAllocation (Allocation Failure)
Event: 80.622 Executing VM operation: ParallelGCFailedAllocation (Allocation Failure) done
Event: 80.623 Executing VM operation: ParallelGCFailedAllocation (Allocation Failure)
Event: 82.640 Executing VM operation: ParallelGCFailedAllocation (Allocation Failure) done
Event: 82.649 Executing VM operation: ParallelGCFailedAllocation (Allocation Failure)

Memory protections (0 events):
No events

Nmethod flushes (20 events):
Event: 56.999 Thread 0x000001274cae37e0 flushing  nmethod 0x00000127510b4390
Event: 56.999 Thread 0x000001274cae37e0 flushing  nmethod 0x00000127510b4c10
Event: 56.999 Thread 0x000001274cae37e0 flushing  nmethod 0x00000127510b5390
Event: 56.999 Thread 0x000001274cae37e0 flushing  nmethod 0x00000127510b5b90
Event: 56.999 Thread 0x000001274cae37e0 flushing  nmethod 0x00000127510b6610
Event: 56.999 Thread 0x000001274cae37e0 flushing  nmethod 0x00000127510b7010
Event: 56.999 Thread 0x000001274cae37e0 flushing  nmethod 0x00000127510b9e10
Event: 56.999 Thread 0x000001274cae37e0 flushing  nmethod 0x00000127510be090
Event: 56.999 Thread 0x000001274cae37e0 flushing  nmethod 0x00000127510be690
Event: 56.999 Thread 0x000001274cae37e0 flushing  nmethod 0x00000127510c4890
Event: 56.999 Thread 0x000001274cae37e0 flushing  nmethod 0x00000127510c4f10
Event: 56.999 Thread 0x000001274cae37e0 flushing  nmethod 0x00000127510c5a90
Event: 56.999 Thread 0x000001274cae37e0 flushing  nmethod 0x00000127510c6f10
Event: 56.999 Thread 0x000001274cae37e0 flushing  nmethod 0x00000127510c9710
Event: 56.999 Thread 0x000001274cae37e0 flushing  nmethod 0x00000127510cb490
Event: 56.999 Thread 0x000001274cae37e0 flushing  nmethod 0x00000127510cc310
Event: 56.999 Thread 0x000001274cae37e0 flushing  nmethod 0x00000127510cc690
Event: 56.999 Thread 0x000001274cae37e0 flushing  nmethod 0x00000127510cda90
Event: 56.999 Thread 0x000001274cae37e0 flushing  nmethod 0x00000127510ce410
Event: 56.999 Thread 0x000001274cae37e0 flushing  nmethod 0x00000127510dec10

Events (20 events):
Event: 29.694 Thread 0x0000012765e74b20 Thread added: 0x000001276c15bc40
Event: 29.694 Thread 0x0000012765e74b20 Thread added: 0x000001276c15dd10
Event: 29.694 Thread 0x0000012765e74b20 Thread added: 0x000001276c15c960
Event: 30.107 Thread 0x000001276540f9b0 Thread added: 0x000001276a85f4f0
Event: 30.353 Thread 0x0000012765e74b20 Thread added: 0x000001276c161eb0
Event: 30.396 Thread 0x0000012765e74b20 Thread added: 0x000001276c160b00
Event: 30.525 Thread 0x0000012765e74b20 Thread added: 0x000001276c161190
Event: 30.525 Thread 0x0000012765e74b20 Thread added: 0x000001276c15f750
Event: 30.542 Thread 0x0000012765e74b20 Thread added: 0x000001276c163260
Event: 30.647 Thread 0x000001276c15d680 Thread added: 0x000001276c162540
Event: 30.648 Thread 0x000001276c15cff0 Thread added: 0x000001276c162bd0
Event: 30.648 Thread 0x000001276c15ea30 Thread added: 0x000001276c15fde0
Event: 30.648 Thread 0x000001276c162540 Thread added: 0x000001276c160470
Event: 30.649 Thread 0x000001276c15d680 Thread added: 0x000001276c161820
Event: 30.800 Thread 0x000001276c15fde0 Thread added: 0x0000012741be5e60
Event: 31.965 Thread 0x000001276a85f4f0 Thread exited: 0x000001276a85f4f0
Event: 48.020 Thread 0x000001276540ef20 Thread added: 0x000001276a82e690
Event: 48.507 Thread 0x000001276a82e690 Thread exited: 0x000001276a82e690
Event: 72.754 Thread 0x000001276540ef20 Thread added: 0x000001276a82e690
Event: 73.151 Thread 0x000001276a82e690 Thread exited: 0x000001276a82e690


Dynamic libraries:
0x00007ff690bc0000 - 0x00007ff690bce000 	c:\Users\ranja\.vscode\extensions\redhat.java-1.44.0-win32-x64\jre\21.0.8-win32-x86_64\bin\java.exe
0x00007ff8fea80000 - 0x00007ff8fece7000 	C:\WINDOWS\SYSTEM32\ntdll.dll
0x00007ff8fd710000 - 0x00007ff8fd7d9000 	C:\WINDOWS\System32\KERNEL32.DLL
0x00007ff8fbbb0000 - 0x00007ff8fbfa0000 	C:\WINDOWS\System32\KERNELBASE.dll
0x00007ff864130000 - 0x00007ff86414e000 	c:\Users\ranja\.vscode\extensions\redhat.java-1.44.0-win32-x64\jre\21.0.8-win32-x86_64\bin\VCRUNTIME140.dll
0x00007ff8fc2a0000 - 0x00007ff8fc3eb000 	C:\WINDOWS\System32\ucrtbase.dll
0x00007ff864150000 - 0x00007ff864168000 	c:\Users\ranja\.vscode\extensions\redhat.java-1.44.0-win32-x64\jre\21.0.8-win32-x86_64\bin\jli.dll
0x00007ff8fd4d0000 - 0x00007ff8fd695000 	C:\WINDOWS\System32\USER32.dll
0x00007ff8e0df0000 - 0x00007ff8e108a000 	C:\WINDOWS\WinSxS\amd64_microsoft.windows.common-controls_6595b64144ccf1df_6.0.26100.4768_none_3e0c112ce331287c\COMCTL32.dll
0x00007ff8fc270000 - 0x00007ff8fc297000 	C:\WINDOWS\System32\win32u.dll
0x00007ff8fe020000 - 0x00007ff8fe0c9000 	C:\WINDOWS\System32\msvcrt.dll
0x00007ff8fe8a0000 - 0x00007ff8fe8cb000 	C:\WINDOWS\System32\GDI32.dll
0x00007ff8fbfb0000 - 0x00007ff8fc0e8000 	C:\WINDOWS\System32\gdi32full.dll
0x00007ff8fc520000 - 0x00007ff8fc5c3000 	C:\WINDOWS\System32\msvcp_win.dll
0x00007ff8fe8d0000 - 0x00007ff8fe8ff000 	C:\WINDOWS\System32\IMM32.DLL
0x00007ff89d0b0000 - 0x00007ff89d0bc000 	c:\Users\ranja\.vscode\extensions\redhat.java-1.44.0-win32-x64\jre\21.0.8-win32-x86_64\bin\vcruntime140_1.dll
0x00007ff8640a0000 - 0x00007ff86412d000 	c:\Users\ranja\.vscode\extensions\redhat.java-1.44.0-win32-x64\jre\21.0.8-win32-x86_64\bin\msvcp140.dll
0x00007ff863300000 - 0x00007ff864097000 	c:\Users\ranja\.vscode\extensions\redhat.java-1.44.0-win32-x64\jre\21.0.8-win32-x86_64\bin\server\jvm.dll
0x00007ff8fe730000 - 0x00007ff8fe7e4000 	C:\WINDOWS\System32\ADVAPI32.dll
0x00007ff8fca00000 - 0x00007ff8fcaa6000 	C:\WINDOWS\System32\sechost.dll
0x00007ff8fe170000 - 0x00007ff8fe288000 	C:\WINDOWS\System32\RPCRT4.dll
0x00007ff8fd340000 - 0x00007ff8fd3b4000 	C:\WINDOWS\System32\WS2_32.dll
0x00007ff8fa790000 - 0x00007ff8fa7ee000 	C:\WINDOWS\SYSTEM32\POWRPROF.dll
0x00007ff8f4110000 - 0x00007ff8f411b000 	C:\WINDOWS\SYSTEM32\VERSION.dll
0x00007ff8ed870000 - 0x00007ff8ed8a5000 	C:\WINDOWS\SYSTEM32\WINMM.dll
0x00007ff8fa770000 - 0x00007ff8fa784000 	C:\WINDOWS\SYSTEM32\UMPDC.dll
0x00007ff8faa50000 - 0x00007ff8faa6b000 	C:\WINDOWS\SYSTEM32\kernel.appcore.dll
0x00007ff896ea0000 - 0x00007ff896eaa000 	c:\Users\ranja\.vscode\extensions\redhat.java-1.44.0-win32-x64\jre\21.0.8-win32-x86_64\bin\jimage.dll
0x00007ff8f91e0000 - 0x00007ff8f9421000 	C:\WINDOWS\SYSTEM32\DBGHELP.DLL
0x00007ff8fd870000 - 0x00007ff8fdbf5000 	C:\WINDOWS\System32\combase.dll
0x00007ff8fd250000 - 0x00007ff8fd330000 	C:\WINDOWS\System32\OLEAUT32.dll
0x00007ff8d9dc0000 - 0x00007ff8d9e03000 	C:\WINDOWS\SYSTEM32\dbgcore.DLL
0x00007ff8fc480000 - 0x00007ff8fc519000 	C:\WINDOWS\System32\bcryptPrimitives.dll
0x00007ff8f6630000 - 0x00007ff8f663f000 	c:\Users\ranja\.vscode\extensions\redhat.java-1.44.0-win32-x64\jre\21.0.8-win32-x86_64\bin\instrument.dll
0x00007ff8632e0000 - 0x00007ff8632ff000 	c:\Users\ranja\.vscode\extensions\redhat.java-1.44.0-win32-x64\jre\21.0.8-win32-x86_64\bin\java.dll
0x00007ff8fcb00000 - 0x00007ff8fd24d000 	C:\WINDOWS\System32\SHELL32.dll
0x00007ff8fc0f0000 - 0x00007ff8fc263000 	C:\WINDOWS\System32\wintypes.dll
0x00007ff8f9790000 - 0x00007ff8f9fef000 	C:\WINDOWS\SYSTEM32\windows.storage.dll
0x00007ff8fdc00000 - 0x00007ff8fdcf5000 	C:\WINDOWS\System32\SHCORE.dll
0x00007ff8fe0e0000 - 0x00007ff8fe14a000 	C:\WINDOWS\System32\shlwapi.dll
0x00007ff8fbad0000 - 0x00007ff8fbaf9000 	C:\WINDOWS\SYSTEM32\profapi.dll
0x00007ff8632c0000 - 0x00007ff8632d8000 	c:\Users\ranja\.vscode\extensions\redhat.java-1.44.0-win32-x64\jre\21.0.8-win32-x86_64\bin\zip.dll
0x00007ff872da0000 - 0x00007ff872db0000 	C:\Users\ranja\.vscode\extensions\redhat.java-1.44.0-win32-x64\jre\21.0.8-win32-x86_64\bin\net.dll
0x00007ff8f47a0000 - 0x00007ff8f48be000 	C:\WINDOWS\SYSTEM32\WINHTTP.dll
0x00007ff8fafe0000 - 0x00007ff8fb04b000 	C:\WINDOWS\system32\mswsock.dll
0x00007ff8632a0000 - 0x00007ff8632b6000 	C:\Users\ranja\.vscode\extensions\redhat.java-1.44.0-win32-x64\jre\21.0.8-win32-x86_64\bin\nio.dll
0x00007ff8f6620000 - 0x00007ff8f6630000 	c:\Users\ranja\.vscode\extensions\redhat.java-1.44.0-win32-x64\jre\21.0.8-win32-x86_64\bin\verify.dll
0x00007ff8e77e0000 - 0x00007ff8e7825000 	C:\Users\ranja\AppData\Roaming\Code\User\globalStorage\redhat.java\1.44.0\config_win\org.eclipse.equinox.launcher\org.eclipse.equinox.launcher.win32.win32.x86_64_1.2.1400.v20250730-1736\eclipse_11913.dll
0x00007ff8fde70000 - 0x00007ff8fe010000 	C:\WINDOWS\System32\ole32.dll
0x00007ff8fb2a0000 - 0x00007ff8fb2bb000 	C:\WINDOWS\SYSTEM32\CRYPTSP.dll
0x00007ff8fa9b0000 - 0x00007ff8fa9eb000 	C:\WINDOWS\system32\rsaenh.dll
0x00007ff8fb080000 - 0x00007ff8fb0ab000 	C:\WINDOWS\SYSTEM32\USERENV.dll
0x00007ff8fbaa0000 - 0x00007ff8fbac6000 	C:\WINDOWS\SYSTEM32\bcrypt.dll
0x00007ff8fb2c0000 - 0x00007ff8fb2cc000 	C:\WINDOWS\SYSTEM32\CRYPTBASE.dll
0x00007ff8fa460000 - 0x00007ff8fa493000 	C:\WINDOWS\SYSTEM32\IPHLPAPI.DLL
0x00007ff8fe0d0000 - 0x00007ff8fe0da000 	C:\WINDOWS\System32\NSI.dll
0x00007ff8b67d0000 - 0x00007ff8b6819000 	C:\Users\ranja\AppData\Local\Temp\jna-108280214\jna1210476627419680484.dll
0x00007ff8fe720000 - 0x00007ff8fe728000 	C:\WINDOWS\System32\PSAPI.DLL
0x00007ff8f5da0000 - 0x00007ff8f5dbf000 	C:\WINDOWS\SYSTEM32\dhcpcsvc6.DLL
0x00007ff8f5d70000 - 0x00007ff8f5d95000 	C:\WINDOWS\SYSTEM32\dhcpcsvc.DLL
0x00007ff8b9e00000 - 0x00007ff8b9e27000 	C:\Users\ranja\.gradle\native\1def1411415f61bf3af743bc5b6707747c0891f09f0c88961ee8f79bc544acac\windows-amd64\native-platform.dll
0x00007ff8f18e0000 - 0x00007ff8f18ea000 	C:\Users\ranja\.vscode\extensions\redhat.java-1.44.0-win32-x64\jre\21.0.8-win32-x86_64\bin\management.dll
0x00007ff8f18d0000 - 0x00007ff8f18db000 	C:\Users\ranja\.vscode\extensions\redhat.java-1.44.0-win32-x64\jre\21.0.8-win32-x86_64\bin\management_ext.dll

JVMTI agents:
c:\Users\ranja\.vscode\extensions\redhat.java-1.44.0-win32-x64\lombok\lombok-1.18.39-4050.jar path:c:\Users\ranja\.vscode\extensions\redhat.java-1.44.0-win32-x64\jre\21.0.8-win32-x86_64\bin\instrument.dll, loaded, initialized, instrumentlib options:none

dbghelp: loaded successfully - version: 4.0.5 - missing functions: none
symbol engine: initialized successfully - sym options: 0x614 - pdb path: .;c:\Users\ranja\.vscode\extensions\redhat.java-1.44.0-win32-x64\jre\21.0.8-win32-x86_64\bin;C:\WINDOWS\SYSTEM32;C:\WINDOWS\WinSxS\amd64_microsoft.windows.common-controls_6595b64144ccf1df_6.0.26100.4768_none_3e0c112ce331287c;c:\Users\ranja\.vscode\extensions\redhat.java-1.44.0-win32-x64\jre\21.0.8-win32-x86_64\bin\server;C:\Users\ranja\AppData\Roaming\Code\User\globalStorage\redhat.java\1.44.0\config_win\org.eclipse.equinox.launcher\org.eclipse.equinox.launcher.win32.win32.x86_64_1.2.1400.v20250730-1736;C:\Users\ranja\AppData\Local\Temp\jna-108280214;C:\Users\ranja\.gradle\native\1def1411415f61bf3af743bc5b6707747c0891f09f0c88961ee8f79bc544acac\windows-amd64

VM Arguments:
jvm_args: --add-modules=ALL-SYSTEM --add-opens=java.base/java.util=ALL-UNNAMED --add-opens=java.base/java.lang=ALL-UNNAMED --add-opens=java.base/sun.nio.fs=ALL-UNNAMED -Declipse.application=org.eclipse.jdt.ls.core.id1 -Dosgi.bundles.defaultStartLevel=4 -Declipse.product=org.eclipse.jdt.ls.core.product -Djava.import.generatesMetadataFilesAtProjectRoot=false -DDetectVMInstallationsJob.disabled=true -Dfile.encoding=utf8 -XX:+UseParallelGC -XX:GCTimeRatio=4 -XX:AdaptiveSizePolicyWeight=90 -Dsun.zip.disableMemoryMapping=true -Xmx2G -Xms100m -Xlog:disable -javaagent:c:\Users\ranja\.vscode\extensions\redhat.java-1.44.0-win32-x64\lombok\lombok-1.18.39-4050.jar -XX:+HeapDumpOnOutOfMemoryError -XX:HeapDumpPath=c:\Users\ranja\AppData\Roaming\Code\User\workspaceStorage\b80f5c4440e68ee71ef5f1dc30e36646\redhat.java -Daether.dependencyCollector.impl=bf 
java_command: c:\Users\ranja\.vscode\extensions\redhat.java-1.44.0-win32-x64\server\plugins\org.eclipse.equinox.launcher_1.7.0.v20250519-0528.jar -configuration c:\Users\ranja\AppData\Roaming\Code\User\globalStorage\redhat.java\1.44.0\config_win -data c:\Users\ranja\AppData\Roaming\Code\User\workspaceStorage\b80f5c4440e68ee71ef5f1dc30e36646\redhat.java\jdt_ws --pipe=\\.\pipe\lsp-65046f9216c2c01c98edf2285db34a43-sock
java_class_path (initial): c:\Users\ranja\.vscode\extensions\redhat.java-1.44.0-win32-x64\server\plugins\org.eclipse.equinox.launcher_1.7.0.v20250519-0528.jar
Launcher Type: SUN_STANDARD

[Global flags]
    uintx AdaptiveSizePolicyWeight                 = 90                                        {product} {command line}
     intx CICompilerCount                          = 4                                         {product} {ergonomic}
    uintx GCTimeRatio                              = 4                                         {product} {command line}
     bool HeapDumpOnOutOfMemoryError               = true                                   {manageable} {command line}
    ccstr HeapDumpPath                             = c:\Users\ranja\AppData\Roaming\Code\User\workspaceStorage\b80f5c4440e68ee71ef5f1dc30e36646\redhat.java         {manageable} {command line}
   size_t InitialHeapSize                          = 104857600                                 {product} {command line}
   size_t MaxHeapSize                              = 2147483648                                {product} {command line}
   size_t MaxNewSize                               = 715653120                                 {product} {ergonomic}
   size_t MinHeapDeltaBytes                        = 524288                                    {product} {ergonomic}
   size_t MinHeapSize                              = 104857600                                 {product} {command line}
   size_t NewSize                                  = 34603008                                  {product} {ergonomic}
    uintx NonNMethodCodeHeapSize                   = 5839372                                {pd product} {ergonomic}
    uintx NonProfiledCodeHeapSize                  = 122909434                              {pd product} {ergonomic}
   size_t OldSize                                  = 70254592                                  {product} {ergonomic}
    uintx ProfiledCodeHeapSize                     = 122909434                              {pd product} {ergonomic}
    uintx ReservedCodeCacheSize                    = 251658240                              {pd product} {ergonomic}
     bool SegmentedCodeCache                       = true                                      {product} {ergonomic}
   size_t SoftMaxHeapSize                          = 2147483648                             {manageable} {ergonomic}
     bool UseCompressedOops                        = true                           {product lp64_product} {ergonomic}
     bool UseLargePagesIndividualAllocation        = false                                  {pd product} {ergonomic}
     bool UseParallelGC                            = true                                      {product} {command line}

Logging:
Log output configuration:
 #0: stdout all=off uptime,level,tags foldmultilines=false
 #1: stderr all=off uptime,level,tags foldmultilines=false

Environment Variables:
JAVA_HOME=C:\Program Files\Java\jdk-17
PATH=C:\Python312\Scripts\;C:\Python312\;C:\Program Files\Common Files\Oracle\Java\javapath;C:\Program Files\Python311\Scripts\;C:\Program Files\Python311\;C:\Windows\system32;C:\Windows;C:\Windows\System32\Wbem;C:\Windows\System32\WindowsPowerShell\v1.0\;C:\Windows\System32\OpenSSH\;C:\Program Files (x86)\NVIDIA Corporation\PhysX\Common;C:\Program Files\NVIDIA Corporation\NVIDIA NvDLISR;C:\Users\ranja\AppData\Local\Android\Sdk\platform-tools;C:\Program Files\Java\jdk-17\bin;D:\node js\nodejsins\;C:\ProgramData\chocolatey\bin;C:\WINDOWS\system32;C:\WINDOWS;C:\WINDOWS\System32\Wbem;C:\WINDOWS\System32\WindowsPowerShell\v1.0\;C:\WINDOWS\System32\OpenSSH\;D:\program file\git\Git\cmd;D:\program file\git\Git\bin;C:\Users\ranja\AppData\Local\Android\Sdk\tools;C:\Users\ranja\AppData\Local\jdk-11.0.2\bin;C:\Program Files\MySQL\MySQL Server 8.0\bin;C:\Users\ranja\AppData\Local\Microsoft\WindowsApps;C:\Users\ranja\AppData\Local\Programs\Microsoft VS Code\bin;C:\Program Files\JetBrains\IntelliJ IDEA 2024.1.2\bin;;C:\Users\ranja\AppData\Roaming\npm;C:\Program Files\MySQL\MySQL Shell 8.0\bin;
USERNAME=ranja
OS=Windows_NT
PROCESSOR_IDENTIFIER=Intel64 Family 6 Model 141 Stepping 1, GenuineIntel
TMP=C:\Users\ranja\AppData\Local\Temp
TEMP=C:\Users\ranja\AppData\Local\Temp




Periodic native trim disabled

---------------  S Y S T E M  ---------------

OS:
 Windows 11 , 64 bit Build 26100 (10.0.26100.4768)
OS uptime: 0 days 1:49 hours
Hyper-V role detected

CPU: total 12 (initial active 12) (6 cores per cpu, 2 threads per core) family 6 model 141 stepping 1 microcode 0x50, cx8, cmov, fxsr, ht, mmx, 3dnowpref, sse, sse2, sse3, ssse3, sse4.1, sse4.2, popcnt, lzcnt, tsc, tscinvbit, avx, avx2, aes, erms, clmul, bmi1, bmi2, adx, avx512f, avx512dq, avx512cd, avx512bw, avx512vl, sha, fma, vzeroupper, avx512_vpopcntdq, avx512_vpclmulqdq, avx512_vaes, avx512_vnni, clflush, clflushopt, clwb, avx512_vbmi2, avx512_vbmi, hv, rdtscp, rdpid, fsrm, gfni, avx512_bitalg, f16c, cet_ibt, cet_ss, avx512_ifma
Processor Information for the first 12 processors :
  Max Mhz: 2688, Current Mhz: 2688, Mhz Limit: 2688

Memory: 4k page, system-wide physical 7930M (688M free)
TotalPageFile size 32506M (AvailPageFile size 0M)
current process WorkingSet (physical memory assigned to process): 934M, peak: 1221M
current process commit charge ("private bytes"): 1544M, peak: 1688M

vm_info: OpenJDK 64-Bit Server VM (21.0.8+9-LTS) for windows-amd64 JRE (21.0.8+9-LTS), built on 2025-07-15T00:00:00Z by "admin" with MS VC++ 17.7 (VS2022)

END.
